# JRE version: OpenJDK Runtime Environment (17.0.10) (build 17.0.10+0-17.0.10b1087.21-11609105)
# Java VM: OpenJDK 64-Bit Server VM (17.0.10+0-17.0.10b1087.21-11609105, mixed mode, tiered, compressed oops, compressed class ptrs, g1 gc, linux-amd64)
GC Precious Log:
 CPUs: 4 total, 4 available
 Memory: 7853M
 Large Page Support: Disabled
 NUMA Support: Disabled
 Compressed Oops: Enabled (32-bit)
 Heap Region Size: 1M
 Heap Min Capacity: 8M
 Heap Initial Capacity: 124M
 Heap Max Capacity: 1964M
 Pre-touch: Disabled
 Parallel Workers: 4
 Concurrent Workers: 1
 Concurrent Refinement Workers: 4
 Periodic GC: Disabled
Heap:
 garbage-first heap   total 192512K, used 95876K [0x0000000085400000, 0x0000000100000000)
  region size 1024K, 2 young (2048K), 2 survivors (2048K)
 Metaspace       used 92606K, committed 92992K, reserved 1179648K
  class space    used 10155K, committed 10304K, reserved 1048576K
GC Heap History (20 events):
Event: 7.122 GC heap after
{Heap after GC invocations=20 (full 0):
 garbage-first heap   total 89088K, used 46067K [0x0000000085400000, 0x0000000100000000)
  region size 1024K, 4 young (4096K), 4 survivors (4096K)
 Metaspace       used 59550K, committed 59840K, reserved 1114112K
  class space    used 7185K, committed 7296K, reserved 1048576K
}
Event: 7.451 GC heap before
{Heap before GC invocations=20 (full 0):
 garbage-first heap   total 89088K, used 67571K [0x0000000085400000, 0x0000000100000000)
  region size 1024K, 26 young (26624K), 4 survivors (4096K)
 Metaspace       used 60369K, committed 60608K, reserved 1114112K
  class space    used 7254K, committed 7360K, reserved 1048576K
}
Event: 7.474 GC heap after
{Heap after GC invocations=21 (full 0):
 garbage-first heap   total 192512K, used 50038K [0x0000000085400000, 0x0000000100000000)
  region size 1024K, 4 young (4096K), 4 survivors (4096K)
 Metaspace       used 60369K, committed 60608K, reserved 1114112K
  class space    used 7254K, committed 7360K, reserved 1048576K
}
Event: 9.339 GC heap before
{Heap before GC invocations=22 (full 0):
 garbage-first heap   total 191488K, used 124790K [0x0000000085400000, 0x0000000100000000)
  region size 1024K, 77 young (78848K), 4 survivors (4096K)
 Metaspace       used 64112K, committed 64448K, reserved 1114112K
  class space    used 7510K, committed 7680K, reserved 1048576K
}
Event: 9.363 GC heap after
{Heap after GC invocations=23 (full 0):
 garbage-first heap   total 191488K, used 58452K [0x0000000085400000, 0x0000000100000000)
  region size 1024K, 10 young (10240K), 10 survivors (10240K)
 Metaspace       used 64112K, committed 64448K, reserved 1114112K
  class space    used 7510K, committed 7680K, reserved 1048576K
}
Event: 9.374 GC heap before
{Heap before GC invocations=23 (full 0):
 garbage-first heap   total 191488K, used 59476K [0x0000000085400000, 0x0000000100000000)
  region size 1024K, 11 young (11264K), 10 survivors (10240K)
 Metaspace       used 64127K, committed 64448K, reserved 1114112K
  class space    used 7510K, committed 7680K, reserved 1048576K
}
Event: 9.392 GC heap after
{Heap after GC invocations=24 (full 0):
 garbage-first heap   total 191488K, used 58983K [0x0000000085400000, 0x0000000100000000)
  region size 1024K, 2 young (2048K), 2 survivors (2048K)
 Metaspace       used 64127K, committed 64448K, reserved 1114112K
  class space    used 7510K, committed 7680K, reserved 1048576K
}
Event: 11.370 GC heap before
{Heap before GC invocations=24 (full 0):
 garbage-first heap   total 191488K, used 135783K [0x0000000085400000, 0x0000000100000000)
  region size 1024K, 77 young (78848K), 2 survivors (2048K)
 Metaspace       used 65695K, committed 65984K, reserved 1114112K
  class space    used 7585K, committed 7744K, reserved 1048576K
}
Event: 11.385 GC heap after
{Heap after GC invocations=25 (full 0):
 garbage-first heap   total 191488K, used 66084K [0x0000000085400000, 0x0000000100000000)
  region size 1024K, 9 young (9216K), 9 survivors (9216K)
 Metaspace       used 65695K, committed 65984K, reserved 1114112K
  class space    used 7585K, committed 7744K, reserved 1048576K
}
Event: 13.098 GC heap before
{Heap before GC invocations=25 (full 0):
 garbage-first heap   total 191488K, used 138788K [0x0000000085400000, 0x0000000100000000)
  region size 1024K, 81 young (82944K), 9 survivors (9216K)
 Metaspace       used 74836K, committed 75072K, reserved 1179648K
  class space    used 8527K, committed 8640K, reserved 1048576K
}
Event: 13.123 GC heap after
{Heap after GC invocations=26 (full 0):
 garbage-first heap   total 191488K, used 73012K [0x0000000085400000, 0x0000000100000000)
  region size 1024K, 7 young (7168K), 7 survivors (7168K)
 Metaspace       used 74836K, committed 75072K, reserved 1179648K
  class space    used 8527K, committed 8640K, reserved 1048576K
}
Event: 14.689 GC heap before
{Heap before GC invocations=26 (full 0):
 garbage-first heap   total 191488K, used 145716K [0x0000000085400000, 0x0000000100000000)
  region size 1024K, 78 young (79872K), 7 survivors (7168K)
 Metaspace       used 81135K, committed 81472K, reserved 1179648K
  class space    used 9198K, committed 9344K, reserved 1048576K
}
Event: 14.716 GC heap after
{Heap after GC invocations=27 (full 0):
 garbage-first heap   total 191488K, used 83389K [0x0000000085400000, 0x0000000100000000)
  region size 1024K, 10 young (10240K), 10 survivors (10240K)
 Metaspace       used 81135K, committed 81472K, reserved 1179648K
  class space    used 9198K, committed 9344K, reserved 1048576K
}
Event: 19.321 GC heap before
{Heap before GC invocations=27 (full 0):
 garbage-first heap   total 191488K, used 147901K [0x0000000085400000, 0x0000000100000000)
  region size 1024K, 73 young (74752K), 10 survivors (10240K)
 Metaspace       used 89109K, committed 89408K, reserved 1179648K
  class space    used 9890K, committed 10048K, reserved 1048576K
}
Event: 19.468 GC heap after
{Heap after GC invocations=28 (full 0):
 garbage-first heap   total 191488K, used 89777K [0x0000000085400000, 0x0000000100000000)
  region size 1024K, 6 young (6144K), 6 survivors (6144K)
 Metaspace       used 89109K, committed 89408K, reserved 1179648K
  class space    used 9890K, committed 10048K, reserved 1048576K
}
Event: 57.100 GC heap before
{Heap before GC invocations=28 (full 0):
 garbage-first heap   total 191488K, used 150193K [0x0000000085400000, 0x0000000100000000)
  region size 1024K, 65 young (66560K), 6 survivors (6144K)
 Metaspace       used 92588K, committed 92928K, reserved 1179648K
  class space    used 10153K, committed 10304K, reserved 1048576K
}
Event: 57.827 GC heap after
{Heap after GC invocations=29 (full 0):
 garbage-first heap   total 191488K, used 94983K [0x0000000085400000, 0x0000000100000000)
  region size 1024K, 6 young (6144K), 6 survivors (6144K)
 Metaspace       used 92588K, committed 92928K, reserved 1179648K
  class space    used 10153K, committed 10304K, reserved 1048576K
}
Event: 58.894 GC heap before
{Heap before GC invocations=29 (full 0):
 garbage-first heap   total 191488K, used 98055K [0x0000000085400000, 0x0000000100000000)
  region size 1024K, 9 young (9216K), 6 survivors (6144K)
 Metaspace       used 92588K, committed 92928K, reserved 1179648K
  class space    used 10153K, committed 10304K, reserved 1048576K
}
Event: 60.431 GC heap after
{Heap after GC invocations=30 (full 0):
 garbage-first heap   total 191488K, used 95570K [0x0000000085400000, 0x0000000100000000)
  region size 1024K, 1 young (1024K), 1 survivors (1024K)
 Metaspace       used 92588K, committed 92928K, reserved 1179648K
  class space    used 10153K, committed 10304K, reserved 1048576K
}
Event: 88.310 GC heap before
{Heap before GC invocations=30 (full 0):
 garbage-first heap   total 191488K, used 103762K [0x0000000085400000, 0x0000000100000000)
  region size 1024K, 9 young (9216K), 1 survivors (1024K)
 Metaspace       used 92606K, committed 92992K, reserved 1179648K
  class space    used 10155K, committed 10304K, reserved 1048576K
}

