# JRE version: OpenJDK Runtime Environment (17.0.10) (build 17.0.10+0-17.0.10b1087.21-11609105)
# Java VM: OpenJDK 64-Bit Server VM (17.0.10+0-17.0.10b1087.21-11609105, mixed mode, tiered, compressed oops, compressed class ptrs, g1 gc, linux-amd64)
GC Precious Log:
 CPUs: 4 total, 4 available
 Memory: 7853M
 Large Page Support: Disabled
 NUMA Support: Disabled
 Compressed Oops: Enabled (32-bit)
 Heap Region Size: 1M
 Heap Min Capacity: 8M
 Heap Initial Capacity: 124M
 Heap Max Capacity: 2G
 Pre-touch: Disabled
 Parallel Workers: 4
 Concurrent Workers: 1
 Concurrent Refinement Workers: 4
 Periodic GC: Disabled
Heap:
 garbage-first heap   total 268288K, used 173472K [0x0000000080000000, 0x0000000100000000)
  region size 1024K, 7 young (7168K), 7 survivors (7168K)
 Metaspace       used 110589K, committed 111360K, reserved 1179648K
  class space    used 15114K, committed 15488K, reserved 1048576K
GC Heap History (20 events):
Event: 20.974 GC heap after
{Heap after GC invocations=32 (full 0):
 garbage-first heap   total 252928K, used 83353K [0x0000000080000000, 0x0000000100000000)
  region size 1024K, 1 young (1024K), 1 survivors (1024K)
 Metaspace       used 81753K, committed 82368K, reserved 1179648K
  class space    used 11100K, committed 11392K, reserved 1048576K
}
Event: 27.890 GC heap before
{Heap before GC invocations=32 (full 0):
 garbage-first heap   total 252928K, used 198041K [0x0000000080000000, 0x0000000100000000)
  region size 1024K, 112 young (114688K), 1 survivors (1024K)
 Metaspace       used 88001K, committed 88640K, reserved 1179648K
  class space    used 12031K, committed 12352K, reserved 1048576K
}
Event: 27.965 GC heap after
{Heap after GC invocations=33 (full 0):
 garbage-first heap   total 252928K, used 88804K [0x0000000080000000, 0x0000000100000000)
  region size 1024K, 7 young (7168K), 7 survivors (7168K)
 Metaspace       used 88001K, committed 88640K, reserved 1179648K
  class space    used 12031K, committed 12352K, reserved 1048576K
}
Event: 37.583 GC heap before
{Heap before GC invocations=33 (full 0):
 garbage-first heap   total 252928K, used 199396K [0x0000000080000000, 0x0000000100000000)
  region size 1024K, 115 young (117760K), 7 survivors (7168K)
 Metaspace       used 95765K, committed 96448K, reserved 1179648K
  class space    used 13281K, committed 13632K, reserved 1048576K
}
Event: 37.640 GC heap after
{Heap after GC invocations=34 (full 0):
 garbage-first heap   total 252928K, used 93842K [0x0000000080000000, 0x0000000100000000)
  region size 1024K, 12 young (12288K), 12 survivors (12288K)
 Metaspace       used 95765K, committed 96448K, reserved 1179648K
  class space    used 13281K, committed 13632K, reserved 1048576K
}
Event: 40.188 GC heap before
{Heap before GC invocations=34 (full 0):
 garbage-first heap   total 252928K, used 202386K [0x0000000080000000, 0x0000000100000000)
  region size 1024K, 119 young (121856K), 12 survivors (12288K)
 Metaspace       used 103783K, committed 104512K, reserved 1179648K
  class space    used 14380K, committed 14720K, reserved 1048576K
}
Event: 40.245 GC heap after
{Heap after GC invocations=35 (full 0):
 garbage-first heap   total 252928K, used 101146K [0x0000000080000000, 0x0000000100000000)
  region size 1024K, 13 young (13312K), 13 survivors (13312K)
 Metaspace       used 103783K, committed 104512K, reserved 1179648K
  class space    used 14380K, committed 14720K, reserved 1048576K
}
Event: 44.128 GC heap before
{Heap before GC invocations=36 (full 0):
 garbage-first heap   total 252928K, used 209690K [0x0000000080000000, 0x0000000100000000)
  region size 1024K, 115 young (117760K), 13 survivors (13312K)
 Metaspace       used 107027K, committed 107776K, reserved 1179648K
  class space    used 14746K, committed 15104K, reserved 1048576K
}
Event: 44.176 GC heap after
{Heap after GC invocations=37 (full 0):
 garbage-first heap   total 252928K, used 109910K [0x0000000080000000, 0x0000000100000000)
  region size 1024K, 15 young (15360K), 15 survivors (15360K)
 Metaspace       used 107027K, committed 107776K, reserved 1179648K
  class space    used 14746K, committed 15104K, reserved 1048576K
}
Event: 44.195 GC heap before
{Heap before GC invocations=37 (full 0):
 garbage-first heap   total 252928K, used 109910K [0x0000000080000000, 0x0000000100000000)
  region size 1024K, 16 young (16384K), 15 survivors (15360K)
 Metaspace       used 107030K, committed 107776K, reserved 1179648K
  class space    used 14746K, committed 15104K, reserved 1048576K
}
Event: 44.226 GC heap after
{Heap after GC invocations=38 (full 0):
 garbage-first heap   total 252928K, used 110767K [0x0000000080000000, 0x0000000100000000)
  region size 1024K, 2 young (2048K), 2 survivors (2048K)
 Metaspace       used 107030K, committed 107776K, reserved 1179648K
  class space    used 14746K, committed 15104K, reserved 1048576K
}
Event: 47.032 GC heap before
{Heap before GC invocations=38 (full 0):
 garbage-first heap   total 252928K, used 204975K [0x0000000080000000, 0x0000000100000000)
  region size 1024K, 95 young (97280K), 2 survivors (2048K)
 Metaspace       used 109674K, committed 110400K, reserved 1179648K
  class space    used 15051K, committed 15424K, reserved 1048576K
}
Event: 47.077 GC heap after
{Heap after GC invocations=39 (full 0):
 garbage-first heap   total 252928K, used 118322K [0x0000000080000000, 0x0000000100000000)
  region size 1024K, 10 young (10240K), 10 survivors (10240K)
 Metaspace       used 109674K, committed 110400K, reserved 1179648K
  class space    used 15051K, committed 15424K, reserved 1048576K
}
Event: 47.802 GC heap before
{Heap before GC invocations=39 (full 0):
 garbage-first heap   total 252928K, used 170546K [0x0000000080000000, 0x0000000100000000)
  region size 1024K, 63 young (64512K), 10 survivors (10240K)
 Metaspace       used 109891K, committed 110656K, reserved 1179648K
  class space    used 15051K, committed 15424K, reserved 1048576K
}
Event: 47.833 GC heap after
{Heap after GC invocations=40 (full 0):
 garbage-first heap   total 252928K, used 136252K [0x0000000080000000, 0x0000000100000000)
  region size 1024K, 12 young (12288K), 12 survivors (12288K)
 Metaspace       used 109891K, committed 110656K, reserved 1179648K
  class space    used 15051K, committed 15424K, reserved 1048576K
}
Event: 49.325 GC heap before
{Heap before GC invocations=41 (full 0):
 garbage-first heap   total 260096K, used 213052K [0x0000000080000000, 0x0000000100000000)
  region size 1024K, 70 young (71680K), 12 survivors (12288K)
 Metaspace       used 110473K, committed 111232K, reserved 1179648K
  class space    used 15107K, committed 15488K, reserved 1048576K
}
Event: 49.479 GC heap after
{Heap after GC invocations=42 (full 0):
 garbage-first heap   total 260096K, used 155040K [0x0000000080000000, 0x0000000100000000)
  region size 1024K, 9 young (9216K), 9 survivors (9216K)
 Metaspace       used 110473K, committed 111232K, reserved 1179648K
  class space    used 15107K, committed 15488K, reserved 1048576K
}
Event: 49.540 GC heap before
{Heap before GC invocations=42 (full 0):
 garbage-first heap   total 260096K, used 157088K [0x0000000080000000, 0x0000000100000000)
  region size 1024K, 12 young (12288K), 9 survivors (9216K)
 Metaspace       used 110478K, committed 111232K, reserved 1179648K
  class space    used 15107K, committed 15488K, reserved 1048576K
}
Event: 49.559 GC heap after
{Heap after GC invocations=43 (full 0):
 garbage-first heap   total 260096K, used 156005K [0x0000000080000000, 0x0000000100000000)
  region size 1024K, 2 young (2048K), 2 survivors (2048K)
 Metaspace       used 110478K, committed 111232K, reserved 1179648K
  class space    used 15107K, committed 15488K, reserved 1048576K
}
Event: 50.095 GC heap before
{Heap before GC invocations=43 (full 0):
 garbage-first heap   total 260096K, used 214373K [0x0000000080000000, 0x0000000100000000)
  region size 1024K, 46 young (47104K), 2 survivors (2048K)
 Metaspace       used 110589K, committed 111360K, reserved 1179648K
  class space    used 15114K, committed 15488K, reserved 1048576K
}

