# JRE version: OpenJDK Runtime Environment (17.0.10) (build 17.0.10+0-17.0.10b1087.21-11609105)
# Java VM: OpenJDK 64-Bit Server VM (17.0.10+0-17.0.10b1087.21-11609105, mixed mode, tiered, compressed oops, compressed class ptrs, g1 gc, linux-amd64)
GC Precious Log:
 CPUs: 4 total, 4 available
 Memory: 7853M
 Large Page Support: Disabled
 NUMA Support: Disabled
 Compressed Oops: Enabled (32-bit)
 Heap Region Size: 1M
 Heap Min Capacity: 8M
 Heap Initial Capacity: 124M
 Heap Max Capacity: 2G
 Pre-touch: Disabled
 Parallel Workers: 4
 Concurrent Workers: 1
 Concurrent Refinement Workers: 4
 Periodic GC: Disabled
Heap:
 garbage-first heap   total 488448K, used 275739K [0x0000000080000000, 0x0000000100000000)
  region size 1024K, 3 young (3072K), 3 survivors (3072K)
 Metaspace       used 163726K, committed 165120K, reserved 1245184K
  class space    used 21783K, committed 22464K, reserved 1048576K
GC Heap History (20 events):
Event: 1745.067 GC heap after
{Heap after GC invocations=60 (full 0):
 garbage-first heap   total 419840K, used 248561K [0x0000000080000000, 0x0000000100000000)
  region size 1024K, 15 young (15360K), 15 survivors (15360K)
 Metaspace       used 149978K, committed 151296K, reserved 1245184K
  class space    used 19709K, committed 20352K, reserved 1048576K
}
Event: 1745.389 GC heap before
{Heap before GC invocations=60 (full 0):
 garbage-first heap   total 419840K, used 350961K [0x0000000080000000, 0x0000000100000000)
  region size 1024K, 116 young (118784K), 15 survivors (15360K)
 Metaspace       used 150113K, committed 151360K, reserved 1245184K
  class space    used 19723K, committed 20352K, reserved 1048576K
}
Event: 1745.416 GC heap after
{Heap after GC invocations=61 (full 0):
 garbage-first heap   total 419840K, used 250771K [0x0000000080000000, 0x0000000100000000)
  region size 1024K, 3 young (3072K), 3 survivors (3072K)
 Metaspace       used 150113K, committed 151360K, reserved 1245184K
  class space    used 19723K, committed 20352K, reserved 1048576K
}
Event: 1745.622 GC heap before
{Heap before GC invocations=61 (full 0):
 garbage-first heap   total 419840K, used 355219K [0x0000000080000000, 0x0000000100000000)
  region size 1024K, 106 young (108544K), 3 survivors (3072K)
 Metaspace       used 150130K, committed 151360K, reserved 1245184K
  class space    used 19723K, committed 20352K, reserved 1048576K
}
Event: 1745.627 GC heap after
{Heap after GC invocations=62 (full 0):
 garbage-first heap   total 419840K, used 249913K [0x0000000080000000, 0x0000000100000000)
  region size 1024K, 2 young (2048K), 2 survivors (2048K)
 Metaspace       used 150130K, committed 151360K, reserved 1245184K
  class space    used 19723K, committed 20352K, reserved 1048576K
}
Event: 1746.011 GC heap before
{Heap before GC invocations=62 (full 0):
 garbage-first heap   total 419840K, used 359481K [0x0000000080000000, 0x0000000100000000)
  region size 1024K, 110 young (112640K), 2 survivors (2048K)
 Metaspace       used 150165K, committed 151424K, reserved 1245184K
  class space    used 19729K, committed 20352K, reserved 1048576K
}
Event: 1746.023 GC heap after
{Heap after GC invocations=63 (full 0):
 garbage-first heap   total 419840K, used 250627K [0x0000000080000000, 0x0000000100000000)
  region size 1024K, 3 young (3072K), 3 survivors (3072K)
 Metaspace       used 150165K, committed 151424K, reserved 1245184K
  class space    used 19729K, committed 20352K, reserved 1048576K
}
Event: 1746.260 GC heap before
{Heap before GC invocations=63 (full 0):
 garbage-first heap   total 419840K, used 360195K [0x0000000080000000, 0x0000000100000000)
  region size 1024K, 111 young (113664K), 3 survivors (3072K)
 Metaspace       used 150195K, committed 151488K, reserved 1245184K
  class space    used 19729K, committed 20352K, reserved 1048576K
}
Event: 1746.265 GC heap after
{Heap after GC invocations=64 (full 0):
 garbage-first heap   total 419840K, used 250872K [0x0000000080000000, 0x0000000100000000)
  region size 1024K, 3 young (3072K), 3 survivors (3072K)
 Metaspace       used 150195K, committed 151488K, reserved 1245184K
  class space    used 19729K, committed 20352K, reserved 1048576K
}
Event: 1747.119 GC heap before
{Heap before GC invocations=64 (full 0):
 garbage-first heap   total 419840K, used 363512K [0x0000000080000000, 0x0000000100000000)
  region size 1024K, 114 young (116736K), 3 survivors (3072K)
 Metaspace       used 152538K, committed 153792K, reserved 1245184K
  class space    used 20058K, committed 20672K, reserved 1048576K
}
Event: 1747.130 GC heap after
{Heap after GC invocations=65 (full 0):
 garbage-first heap   total 419840K, used 263450K [0x0000000080000000, 0x0000000100000000)
  region size 1024K, 15 young (15360K), 15 survivors (15360K)
 Metaspace       used 152538K, committed 153792K, reserved 1245184K
  class space    used 20058K, committed 20672K, reserved 1048576K
}
Event: 1747.860 GC heap before
{Heap before GC invocations=65 (full 0):
 garbage-first heap   total 419840K, used 356634K [0x0000000080000000, 0x0000000100000000)
  region size 1024K, 107 young (109568K), 15 survivors (15360K)
 Metaspace       used 156528K, committed 157888K, reserved 1245184K
  class space    used 20664K, committed 21312K, reserved 1048576K
}
Event: 1747.888 GC heap after
{Heap after GC invocations=66 (full 0):
 garbage-first heap   total 419840K, used 275276K [0x0000000080000000, 0x0000000100000000)
  region size 1024K, 12 young (12288K), 12 survivors (12288K)
 Metaspace       used 156528K, committed 157888K, reserved 1245184K
  class space    used 20664K, committed 21312K, reserved 1048576K
}
Event: 1748.377 GC heap before
{Heap before GC invocations=66 (full 0):
 garbage-first heap   total 419840K, used 354124K [0x0000000080000000, 0x0000000100000000)
  region size 1024K, 90 young (92160K), 12 survivors (12288K)
 Metaspace       used 160038K, committed 161408K, reserved 1245184K
  class space    used 21175K, committed 21824K, reserved 1048576K
}
Event: 1748.403 GC heap after
{Heap after GC invocations=67 (full 0):
 garbage-first heap   total 419840K, used 285765K [0x0000000080000000, 0x0000000100000000)
  region size 1024K, 12 young (12288K), 12 survivors (12288K)
 Metaspace       used 160038K, committed 161408K, reserved 1245184K
  class space    used 21175K, committed 21824K, reserved 1048576K
}
Event: 1748.728 GC heap before
{Heap before GC invocations=67 (full 0):
 garbage-first heap   total 419840K, used 353349K [0x0000000080000000, 0x0000000100000000)
  region size 1024K, 79 young (80896K), 12 survivors (12288K)
 Metaspace       used 162091K, committed 163392K, reserved 1245184K
  class space    used 21527K, committed 22144K, reserved 1048576K
}
Event: 1748.754 GC heap after
{Heap after GC invocations=68 (full 0):
 garbage-first heap   total 419840K, used 296705K [0x0000000080000000, 0x0000000100000000)
  region size 1024K, 10 young (10240K), 10 survivors (10240K)
 Metaspace       used 162091K, committed 163392K, reserved 1245184K
  class space    used 21527K, committed 22144K, reserved 1048576K
}
Event: 1749.166 GC heap before
{Heap before GC invocations=69 (full 0):
 garbage-first heap   total 488448K, used 340737K [0x0000000080000000, 0x0000000100000000)
  region size 1024K, 69 young (70656K), 10 survivors (10240K)
 Metaspace       used 163533K, committed 164864K, reserved 1245184K
  class space    used 21772K, committed 22464K, reserved 1048576K
}
Event: 1749.202 GC heap after
{Heap after GC invocations=70 (full 0):
 garbage-first heap   total 488448K, used 291203K [0x0000000080000000, 0x0000000100000000)
  region size 1024K, 9 young (9216K), 9 survivors (9216K)
 Metaspace       used 163533K, committed 164864K, reserved 1245184K
  class space    used 21772K, committed 22464K, reserved 1048576K
}
Event: 1749.283 GC heap before
{Heap before GC invocations=70 (full 0):
 garbage-first heap   total 488448K, used 305539K [0x0000000080000000, 0x0000000100000000)
  region size 1024K, 23 young (23552K), 9 survivors (9216K)
 Metaspace       used 163726K, committed 165120K, reserved 1245184K
  class space    used 21783K, committed 22464K, reserved 1048576K
}

