# JRE version: OpenJDK Runtime Environment (17.0.10) (build 17.0.10+0-17.0.10b1087.21-11609105)
# Java VM: OpenJDK 64-Bit Server VM (17.0.10+0-17.0.10b1087.21-11609105, mixed mode, tiered, compressed oops, compressed class ptrs, g1 gc, linux-amd64)
GC Precious Log:
 CPUs: 4 total, 4 available
 Memory: 7853M
 Large Page Support: Disabled
 NUMA Support: Disabled
 Compressed Oops: Enabled (32-bit)
 Heap Region Size: 1M
 Heap Min Capacity: 8M
 Heap Initial Capacity: 124M
 Heap Max Capacity: 2G
 Pre-touch: Disabled
 Parallel Workers: 4
 Concurrent Workers: 1
 Concurrent Refinement Workers: 4
 Periodic GC: Disabled
Heap:
 garbage-first heap   total 450560K, used 191629K [0x0000000080000000, 0x0000000100000000)
  region size 1024K, 5 young (5120K), 5 survivors (5120K)
 Metaspace       used 125711K, committed 126528K, reserved 1179648K
  class space    used 17550K, committed 17920K, reserved 1048576K
GC Heap History (20 events):
Event: 17.180 GC heap after
{Heap after GC invocations=37 (full 0):
 garbage-first heap   total 225280K, used 112490K [0x0000000080000000, 0x0000000100000000)
  region size 1024K, 7 young (7168K), 7 survivors (7168K)
 Metaspace       used 106213K, committed 107008K, reserved 1179648K
  class space    used 14628K, committed 14976K, reserved 1048576K
}
Event: 17.450 GC heap before
{Heap before GC invocations=37 (full 0):
 garbage-first heap   total 225280K, used 133994K [0x0000000080000000, 0x0000000100000000)
  region size 1024K, 29 young (29696K), 7 survivors (7168K)
 Metaspace       used 106440K, committed 107200K, reserved 1179648K
  class space    used 14670K, committed 15040K, reserved 1048576K
}
Event: 17.469 GC heap after
{Heap after GC invocations=38 (full 0):
 garbage-first heap   total 225280K, used 113664K [0x0000000080000000, 0x0000000100000000)
  region size 1024K, 3 young (3072K), 3 survivors (3072K)
 Metaspace       used 106440K, committed 107200K, reserved 1179648K
  class space    used 14670K, committed 15040K, reserved 1048576K
}
Event: 18.005 GC heap before
{Heap before GC invocations=39 (full 0):
 garbage-first heap   total 225280K, used 182272K [0x0000000080000000, 0x0000000100000000)
  region size 1024K, 71 young (72704K), 3 survivors (3072K)
 Metaspace       used 106911K, committed 107712K, reserved 1179648K
  class space    used 14760K, committed 15168K, reserved 1048576K
}
Event: 18.012 GC heap after
{Heap after GC invocations=40 (full 0):
 garbage-first heap   total 225280K, used 115441K [0x0000000080000000, 0x0000000100000000)
  region size 1024K, 5 young (5120K), 5 survivors (5120K)
 Metaspace       used 106911K, committed 107712K, reserved 1179648K
  class space    used 14760K, committed 15168K, reserved 1048576K
}
Event: 18.029 GC heap before
{Heap before GC invocations=40 (full 0):
 garbage-first heap   total 225280K, used 120561K [0x0000000080000000, 0x0000000100000000)
  region size 1024K, 11 young (11264K), 5 survivors (5120K)
 Metaspace       used 106911K, committed 107712K, reserved 1179648K
  class space    used 14760K, committed 15168K, reserved 1048576K
}
Event: 18.038 GC heap after
{Heap after GC invocations=41 (full 0):
 garbage-first heap   total 225280K, used 113553K [0x0000000080000000, 0x0000000100000000)
  region size 1024K, 1 young (1024K), 1 survivors (1024K)
 Metaspace       used 106911K, committed 107712K, reserved 1179648K
  class space    used 14760K, committed 15168K, reserved 1048576K
}
Event: 18.286 GC heap before
{Heap before GC invocations=41 (full 0):
 garbage-first heap   total 225280K, used 184209K [0x0000000080000000, 0x0000000100000000)
  region size 1024K, 70 young (71680K), 1 survivors (1024K)
 Metaspace       used 106923K, committed 107712K, reserved 1179648K
  class space    used 14765K, committed 15168K, reserved 1048576K
}
Event: 18.288 GC heap after
{Heap after GC invocations=42 (full 0):
 garbage-first heap   total 450560K, used 113679K [0x0000000080000000, 0x0000000100000000)
  region size 1024K, 1 young (1024K), 1 survivors (1024K)
 Metaspace       used 106923K, committed 107712K, reserved 1179648K
  class space    used 14765K, committed 15168K, reserved 1048576K
}
Event: 20.277 GC heap before
{Heap before GC invocations=43 (full 0):
 garbage-first heap   total 450560K, used 366607K [0x0000000080000000, 0x0000000100000000)
  region size 1024K, 247 young (252928K), 1 survivors (1024K)
 Metaspace       used 113537K, committed 114304K, reserved 1179648K
  class space    used 15717K, committed 16064K, reserved 1048576K
}
Event: 20.310 GC heap after
{Heap after GC invocations=44 (full 0):
 garbage-first heap   total 450560K, used 123185K [0x0000000080000000, 0x0000000100000000)
  region size 1024K, 10 young (10240K), 10 survivors (10240K)
 Metaspace       used 113537K, committed 114304K, reserved 1179648K
  class space    used 15717K, committed 16064K, reserved 1048576K
}
Event: 20.328 GC heap before
{Heap before GC invocations=44 (full 0):
 garbage-first heap   total 450560K, used 134449K [0x0000000080000000, 0x0000000100000000)
  region size 1024K, 22 young (22528K), 10 survivors (10240K)
 Metaspace       used 113562K, committed 114304K, reserved 1179648K
  class space    used 15723K, committed 16064K, reserved 1048576K
}
Event: 20.339 GC heap after
{Heap after GC invocations=45 (full 0):
 garbage-first heap   total 450560K, used 124980K [0x0000000080000000, 0x0000000100000000)
  region size 1024K, 3 young (3072K), 3 survivors (3072K)
 Metaspace       used 113562K, committed 114304K, reserved 1179648K
  class space    used 15723K, committed 16064K, reserved 1048576K
}
Event: 21.261 GC heap before
{Heap before GC invocations=45 (full 0):
 garbage-first heap   total 450560K, used 365620K [0x0000000080000000, 0x0000000100000000)
  region size 1024K, 239 young (244736K), 3 survivors (3072K)
 Metaspace       used 119271K, committed 120064K, reserved 1179648K
  class space    used 16605K, committed 16960K, reserved 1048576K
}
Event: 21.305 GC heap after
{Heap after GC invocations=46 (full 0):
 garbage-first heap   total 450560K, used 163840K [0x0000000080000000, 0x0000000100000000)
  region size 1024K, 30 young (30720K), 30 survivors (30720K)
 Metaspace       used 119271K, committed 120064K, reserved 1179648K
  class space    used 16605K, committed 16960K, reserved 1048576K
}
Event: 22.176 GC heap before
{Heap before GC invocations=46 (full 0):
 garbage-first heap   total 450560K, used 353280K [0x0000000080000000, 0x0000000100000000)
  region size 1024K, 215 young (220160K), 30 survivors (30720K)
 Metaspace       used 123208K, committed 123968K, reserved 1179648K
  class space    used 17229K, committed 17600K, reserved 1048576K
}
Event: 22.244 GC heap after
{Heap after GC invocations=47 (full 0):
 garbage-first heap   total 450560K, used 186799K [0x0000000080000000, 0x0000000100000000)
  region size 1024K, 22 young (22528K), 22 survivors (22528K)
 Metaspace       used 123208K, committed 123968K, reserved 1179648K
  class space    used 17229K, committed 17600K, reserved 1048576K
}
Event: 23.190 GC heap before
{Heap before GC invocations=47 (full 0):
 garbage-first heap   total 450560K, used 355759K [0x0000000080000000, 0x0000000100000000)
  region size 1024K, 187 young (191488K), 22 survivors (22528K)
 Metaspace       used 123875K, committed 124672K, reserved 1179648K
  class space    used 17315K, committed 17664K, reserved 1048576K
}
Event: 23.225 GC heap after
{Heap after GC invocations=48 (full 0):
 garbage-first heap   total 450560K, used 189440K [0x0000000080000000, 0x0000000100000000)
  region size 1024K, 3 young (3072K), 3 survivors (3072K)
 Metaspace       used 123875K, committed 124672K, reserved 1179648K
  class space    used 17315K, committed 17664K, reserved 1048576K
}
Event: 24.076 GC heap before
{Heap before GC invocations=48 (full 0):
 garbage-first heap   total 450560K, used 364544K [0x0000000080000000, 0x0000000100000000)
  region size 1024K, 174 young (178176K), 3 survivors (3072K)
 Metaspace       used 125711K, committed 126528K, reserved 1179648K
  class space    used 17550K, committed 17920K, reserved 1048576K
}

