# JRE version: OpenJDK Runtime Environment (17.0.10) (build 17.0.10+0-17.0.10b1087.21-11609105)
# Java VM: OpenJDK 64-Bit Server VM (17.0.10+0-17.0.10b1087.21-11609105, mixed mode, tiered, compressed oops, compressed class ptrs, g1 gc, linux-amd64)
GC Precious Log:
 CPUs: 4 total, 4 available
 Memory: 7853M
 Large Page Support: Disabled
 NUMA Support: Disabled
 Compressed Oops: Enabled (32-bit)
 Heap Region Size: 1M
 Heap Min Capacity: 8M
 Heap Initial Capacity: 124M
 Heap Max Capacity: 2G
 Pre-touch: Disabled
 Parallel Workers: 4
 Concurrent Workers: 1
 Concurrent Refinement Workers: 4
 Periodic GC: Disabled
Heap:
 garbage-first heap   total 238592K, used 155326K [0x0000000080000000, 0x0000000100000000)
  region size 1024K, 9 young (9216K), 9 survivors (9216K)
 Metaspace       used 116473K, committed 117312K, reserved 1179648K
  class space    used 15958K, committed 16384K, reserved 1048576K
GC Heap History (20 events):
Event: 198.292 GC heap after
{Heap after GC invocations=32 (full 0):
 garbage-first heap   total 198656K, used 90721K [0x0000000080000000, 0x0000000100000000)
  region size 1024K, 7 young (7168K), 7 survivors (7168K)
 Metaspace       used 88399K, committed 88960K, reserved 1179648K
  class space    used 11960K, committed 12224K, reserved 1048576K
}
Event: 198.930 GC heap before
{Heap before GC invocations=32 (full 0):
 garbage-first heap   total 198656K, used 152161K [0x0000000080000000, 0x0000000100000000)
  region size 1024K, 67 young (68608K), 7 survivors (7168K)
 Metaspace       used 91724K, committed 92352K, reserved 1179648K
  class space    used 12416K, committed 12736K, reserved 1048576K
}
Event: 198.940 GC heap after
{Heap after GC invocations=33 (full 0):
 garbage-first heap   total 198656K, used 93043K [0x0000000080000000, 0x0000000100000000)
  region size 1024K, 7 young (7168K), 7 survivors (7168K)
 Metaspace       used 91724K, committed 92352K, reserved 1179648K
  class space    used 12416K, committed 12736K, reserved 1048576K
}
Event: 199.686 GC heap before
{Heap before GC invocations=33 (full 0):
 garbage-first heap   total 198656K, used 153459K [0x0000000080000000, 0x0000000100000000)
  region size 1024K, 66 young (67584K), 7 survivors (7168K)
 Metaspace       used 96150K, committed 96832K, reserved 1179648K
  class space    used 13236K, committed 13568K, reserved 1048576K
}
Event: 199.699 GC heap after
{Heap after GC invocations=34 (full 0):
 garbage-first heap   total 198656K, used 95011K [0x0000000080000000, 0x0000000100000000)
  region size 1024K, 7 young (7168K), 7 survivors (7168K)
 Metaspace       used 96150K, committed 96832K, reserved 1179648K
  class space    used 13236K, committed 13568K, reserved 1048576K
}
Event: 200.452 GC heap before
{Heap before GC invocations=34 (full 0):
 garbage-first heap   total 198656K, used 157475K [0x0000000080000000, 0x0000000100000000)
  region size 1024K, 68 young (69632K), 7 survivors (7168K)
 Metaspace       used 100308K, committed 101056K, reserved 1179648K
  class space    used 13865K, committed 14208K, reserved 1048576K
}
Event: 200.466 GC heap after
{Heap after GC invocations=35 (full 0):
 garbage-first heap   total 198656K, used 97715K [0x0000000080000000, 0x0000000100000000)
  region size 1024K, 5 young (5120K), 5 survivors (5120K)
 Metaspace       used 100308K, committed 101056K, reserved 1179648K
  class space    used 13865K, committed 14208K, reserved 1048576K
}
Event: 201.325 GC heap before
{Heap before GC invocations=35 (full 0):
 garbage-first heap   total 198656K, used 161203K [0x0000000080000000, 0x0000000100000000)
  region size 1024K, 67 young (68608K), 5 survivors (5120K)
 Metaspace       used 104977K, committed 105792K, reserved 1179648K
  class space    used 14574K, committed 14976K, reserved 1048576K
}
Event: 201.338 GC heap after
{Heap after GC invocations=36 (full 0):
 garbage-first heap   total 238592K, used 100621K [0x0000000080000000, 0x0000000100000000)
  region size 1024K, 8 young (8192K), 8 survivors (8192K)
 Metaspace       used 104977K, committed 105792K, reserved 1179648K
  class space    used 14574K, committed 14976K, reserved 1048576K
}
Event: 202.489 GC heap before
{Heap before GC invocations=36 (full 0):
 garbage-first heap   total 238592K, used 191757K [0x0000000080000000, 0x0000000100000000)
  region size 1024K, 93 young (95232K), 8 survivors (8192K)
 Metaspace       used 112217K, committed 113024K, reserved 1179648K
  class space    used 15434K, committed 15808K, reserved 1048576K
}
Event: 202.526 GC heap after
{Heap after GC invocations=37 (full 0):
 garbage-first heap   total 238592K, used 108349K [0x0000000080000000, 0x0000000100000000)
  region size 1024K, 12 young (12288K), 12 survivors (12288K)
 Metaspace       used 112217K, committed 113024K, reserved 1179648K
  class space    used 15434K, committed 15808K, reserved 1048576K
}
Event: 204.117 GC heap before
{Heap before GC invocations=37 (full 0):
 garbage-first heap   total 238592K, used 191293K [0x0000000080000000, 0x0000000100000000)
  region size 1024K, 93 young (95232K), 12 survivors (12288K)
 Metaspace       used 113414K, committed 114304K, reserved 1179648K
  class space    used 15612K, committed 16064K, reserved 1048576K
}
Event: 204.156 GC heap after
{Heap after GC invocations=38 (full 0):
 garbage-first heap   total 238592K, used 116649K [0x0000000080000000, 0x0000000100000000)
  region size 1024K, 8 young (8192K), 8 survivors (8192K)
 Metaspace       used 113414K, committed 114304K, reserved 1179648K
  class space    used 15612K, committed 16064K, reserved 1048576K
}
Event: 204.840 GC heap before
{Heap before GC invocations=38 (full 0):
 garbage-first heap   total 238592K, used 171945K [0x0000000080000000, 0x0000000100000000)
  region size 1024K, 63 young (64512K), 8 survivors (8192K)
 Metaspace       used 114019K, committed 114816K, reserved 1179648K
  class space    used 15697K, committed 16128K, reserved 1048576K
}
Event: 204.851 GC heap after
{Heap after GC invocations=39 (full 0):
 garbage-first heap   total 238592K, used 118384K [0x0000000080000000, 0x0000000100000000)
  region size 1024K, 4 young (4096K), 4 survivors (4096K)
 Metaspace       used 114019K, committed 114816K, reserved 1179648K
  class space    used 15697K, committed 16128K, reserved 1048576K
}
Event: 205.952 GC heap before
{Heap before GC invocations=40 (full 0):
 garbage-first heap   total 238592K, used 194160K [0x0000000080000000, 0x0000000100000000)
  region size 1024K, 79 young (80896K), 4 survivors (4096K)
 Metaspace       used 116302K, committed 117184K, reserved 1179648K
  class space    used 15958K, committed 16384K, reserved 1048576K
}
Event: 205.967 GC heap after
{Heap after GC invocations=41 (full 0):
 garbage-first heap   total 238592K, used 124772K [0x0000000080000000, 0x0000000100000000)
  region size 1024K, 10 young (10240K), 10 survivors (10240K)
 Metaspace       used 116302K, committed 117184K, reserved 1179648K
  class space    used 15958K, committed 16384K, reserved 1048576K
}
Event: 205.976 GC heap before
{Heap before GC invocations=41 (full 0):
 garbage-first heap   total 238592K, used 125796K [0x0000000080000000, 0x0000000100000000)
  region size 1024K, 11 young (11264K), 10 survivors (10240K)
 Metaspace       used 116316K, committed 117184K, reserved 1179648K
  class space    used 15958K, committed 16384K, reserved 1048576K
}
Event: 205.987 GC heap after
{Heap after GC invocations=42 (full 0):
 garbage-first heap   total 238592K, used 124390K [0x0000000080000000, 0x0000000100000000)
  region size 1024K, 2 young (2048K), 2 survivors (2048K)
 Metaspace       used 116316K, committed 117184K, reserved 1179648K
  class space    used 15958K, committed 16384K, reserved 1048576K
}
Event: 206.467 GC heap before
{Heap before GC invocations=42 (full 0):
 garbage-first heap   total 238592K, used 202214K [0x0000000080000000, 0x0000000100000000)
  region size 1024K, 70 young (71680K), 2 survivors (2048K)
 Metaspace       used 116473K, committed 117312K, reserved 1179648K
  class space    used 15958K, committed 16384K, reserved 1048576K
}

